TN:
SF:src/client/Application.tsx
FN:18,(anonymous_6)
FN:20,(anonymous_7)
FN:22,(anonymous_8)
FN:23,(anonymous_9)
FNF:4
FNH:3
FNDA:17,(anonymous_6)
FNDA:30,(anonymous_7)
FNDA:0,(anonymous_8)
FNDA:1,(anonymous_9)
DA:1,3
DA:2,3
DA:3,3
DA:4,3
DA:6,3
DA:7,3
DA:8,3
DA:9,3
DA:10,3
DA:11,3
DA:12,3
DA:13,3
DA:16,3
DA:18,3
DA:19,17
DA:20,30
DA:22,17
DA:23,17
DA:24,1
DA:25,0
DA:27,1
DA:31,17
DA:32,17
DA:33,17
DA:35,17
LF:25
LH:24
BRDA:24,0,0,0
BRDA:24,0,1,1
BRDA:32,1,0,7
BRDA:32,1,1,10
BRDA:33,2,0,17
BRDA:33,2,1,0
BRF:6
BRH:4
end_of_record
TN:
SF:src/client/api.ts
FN:4,(anonymous_14)
FN:5,ExampleApi
FN:9,(anonymous_16)
FN:13,(anonymous_19)
FN:17,(anonymous_22)
FN:24,(anonymous_25)
FN:25,(anonymous_27)
FN:34,(anonymous_28)
FNF:8
FNH:5
FNDA:3,(anonymous_14)
FNDA:14,ExampleApi
FNDA:0,(anonymous_16)
FNDA:0,(anonymous_19)
FNDA:0,(anonymous_22)
FNDA:17,(anonymous_25)
FNDA:14,(anonymous_27)
FNDA:13,(anonymous_28)
DA:1,3
DA:4,3
DA:5,14
DA:9,3
DA:10,0
DA:13,3
DA:14,0
DA:17,3
DA:18,0
DA:20,3
DA:22,3
DA:24,3
DA:25,3
DA:26,14
DA:27,14
DA:28,14
DA:30,0
DA:34,3
DA:35,13
DA:37,3
LF:20
LH:16
BRDA:10,0,0,0
BRDA:10,0,1,0
BRDA:14,1,0,0
BRDA:14,1,1,0
BRDA:18,2,0,0
BRDA:18,2,1,0
BRDA:28,3,0,14
BRDA:28,3,1,10
BRF:8
BRH:2
end_of_record
TN:
SF:src/client/store.ts
FN:25,(anonymous_2)
FN:26,(anonymous_3)
FN:27,(anonymous_4)
FN:28,(anonymous_5)
FN:29,(anonymous_6)
FN:30,(anonymous_7)
FN:31,(anonymous_8)
FN:32,(anonymous_9)
FN:46,createRootReducer
FN:49,(anonymous_11)
FN:49,(anonymous_12)
FN:91,(anonymous_13)
FN:93,(anonymous_14)
FN:95,(anonymous_15)
FN:100,(anonymous_16)
FN:102,(anonymous_17)
FN:104,(anonymous_18)
FN:109,(anonymous_19)
FN:111,(anonymous_20)
FN:119,(anonymous_21)
FN:121,(anonymous_22)
FN:127,(anonymous_23)
FN:139,initStore
FNF:23
FNH:19
FNDA:3,(anonymous_2)
FNDA:3,(anonymous_3)
FNDA:2,(anonymous_4)
FNDA:2,(anonymous_5)
FNDA:12,(anonymous_6)
FNDA:1,(anonymous_7)
FNDA:0,(anonymous_8)
FNDA:0,(anonymous_9)
FNDA:14,createRootReducer
FNDA:37,(anonymous_11)
FNDA:37,(anonymous_12)
FNDA:14,(anonymous_13)
FNDA:3,(anonymous_14)
FNDA:3,(anonymous_15)
FNDA:14,(anonymous_16)
FNDA:2,(anonymous_17)
FNDA:2,(anonymous_18)
FNDA:14,(anonymous_19)
FNDA:13,(anonymous_20)
FNDA:14,(anonymous_21)
FNDA:0,(anonymous_22)
FNDA:0,(anonymous_23)
FNDA:14,initStore
DA:1,3
DA:2,3
DA:3,3
DA:4,3
DA:22,3
DA:25,3
DA:26,3
DA:27,3
DA:28,3
DA:29,12
DA:30,3
DA:31,3
DA:32,3
DA:47,14
DA:49,51
DA:50,37
DA:52,3
DA:53,3
DA:55,3
DA:56,3
DA:58,2
DA:59,2
DA:62,12
DA:64,12
DA:65,12
DA:66,5
DA:69,12
DA:72,12
DA:73,12
DA:75,1
DA:76,1
DA:77,1
DA:79,0
DA:80,0
DA:81,0
DA:85,14
DA:91,14
DA:94,3
DA:95,3
DA:100,14
DA:103,2
DA:104,2
DA:109,14
DA:112,13
DA:113,13
DA:119,14
DA:121,0
DA:122,0
DA:123,0
DA:126,0
DA:127,0
DA:132,3
DA:139,3
DA:140,14
DA:144,14
DA:148,14
DA:150,14
DA:152,14
LF:58
LH:50
BRDA:49,0,0,14
BRDA:50,1,0,3
BRDA:50,1,1,3
BRDA:50,1,2,2
BRDA:50,1,3,12
BRDA:50,1,4,1
BRDA:50,1,5,0
BRDA:64,2,0,12
BRDA:65,3,0,5
BRDA:112,4,0,13
BRDA:122,5,0,0
BRF:11
BRH:9
end_of_record
TN:
SF:src/client/components/CartBadge.tsx
FN:12,(anonymous_1)
FN:13,(anonymous_2)
FNF:2
FNH:2
FNDA:6,(anonymous_1)
FNDA:8,(anonymous_2)
DA:1,3
DA:2,3
DA:3,3
DA:10,3
DA:12,6
DA:13,8
DA:15,6
LF:7
LH:7
BRDA:15,0,0,1
BRDA:15,0,1,5
BRF:2
BRH:2
end_of_record
TN:
SF:src/client/components/Form.tsx
FN:11,getControlClass
FN:17,(anonymous_7)
FN:28,(anonymous_8)
FN:32,(anonymous_9)
FN:36,(anonymous_10)
FN:40,(anonymous_11)
FNF:6
FNH:2
FNDA:18,getControlClass
FNDA:6,(anonymous_7)
FNDA:0,(anonymous_8)
FNDA:0,(anonymous_9)
FNDA:0,(anonymous_10)
FNDA:0,(anonymous_11)
DA:1,3
DA:2,3
DA:5,3
DA:12,18
DA:15,3
DA:17,6
DA:18,6
DA:19,6
DA:20,6
DA:21,6
DA:22,6
DA:24,6
DA:25,6
DA:26,6
DA:28,6
DA:29,0
DA:32,6
DA:33,0
DA:36,6
DA:37,0
DA:40,6
DA:41,0
DA:43,0
DA:44,0
DA:45,0
DA:53,6
LF:26
LH:19
BRDA:12,0,0,0
BRDA:12,0,1,18
BRDA:12,1,0,18
BRDA:12,1,1,18
BRDA:25,2,0,6
BRDA:25,2,1,0
BRDA:43,3,0,0
BRDA:43,4,0,0
BRDA:43,4,1,0
BRDA:43,4,2,0
BRF:10
BRH:4
end_of_record
TN:
SF:src/client/components/Image.tsx
FN:12,(anonymous_1)
FNF:1
FNH:1
FNDA:6,(anonymous_1)
DA:1,3
DA:2,3
DA:8,3
DA:10,3
DA:12,6
DA:13,6
LF:6
LH:6
BRF:0
BRH:0
end_of_record
TN:
SF:src/client/components/ProductDetails.tsx
FN:15,(anonymous_6)
FN:18,(anonymous_7)
FNF:2
FNH:2
FNDA:3,(anonymous_6)
FNDA:2,(anonymous_7)
DA:1,3
DA:2,3
DA:3,3
DA:5,3
DA:6,3
DA:7,3
DA:9,3
DA:15,3
DA:16,3
DA:18,3
DA:19,2
DA:22,3
DA:24,3
LF:13
LH:13
BRDA:22,0,0,3
BRDA:22,0,1,0
BRF:2
BRH:1
end_of_record
TN:
SF:src/client/components/ProductItem.tsx
FN:15,(anonymous_1)
FNF:1
FNH:1
FNDA:3,(anonymous_1)
DA:1,3
DA:2,3
DA:3,3
DA:6,3
DA:7,3
DA:9,3
DA:15,3
DA:16,3
LF:8
LH:8
BRF:0
BRH:0
end_of_record
TN:
SF:src/client/pages/Cart.tsx
FN:13,(anonymous_6)
FN:15,(anonymous_7)
FN:16,(anonymous_8)
FN:18,(anonymous_9)
FN:22,(anonymous_10)
FN:31,(anonymous_11)
FN:44,(anonymous_12)
FNF:7
FNH:6
FNDA:8,(anonymous_6)
FNDA:9,(anonymous_7)
FNDA:9,(anonymous_8)
FNDA:1,(anonymous_9)
FNDA:0,(anonymous_10)
FNDA:11,(anonymous_11)
FNDA:11,(anonymous_12)
DA:1,3
DA:2,3
DA:3,3
DA:4,3
DA:5,3
DA:8,3
DA:9,3
DA:11,3
DA:13,3
DA:14,8
DA:15,9
DA:16,9
DA:18,8
DA:19,1
DA:22,8
DA:23,0
DA:26,8
DA:28,8
DA:30,8
DA:31,11
DA:33,11
DA:44,11
DA:46,6
DA:69,2
DA:76,8
DA:84,8
DA:93,8
DA:95,8
DA:108,8
LF:29
LH:28
BRDA:30,0,0,6
BRDA:30,0,1,2
BRDA:76,1,0,2
BRDA:76,1,1,6
BRDA:84,2,0,2
BRDA:84,2,1,6
BRDA:93,3,0,8
BRDA:93,3,1,0
BRDA:95,4,0,0
BRDA:95,4,1,8
BRDA:95,5,0,8
BRDA:95,5,1,2
BRF:12
BRH:10
end_of_record
TN:
SF:src/client/pages/Catalog.tsx
FN:11,(anonymous_6)
FN:13,(anonymous_7)
FN:15,(anonymous_8)
FN:20,(anonymous_9)
FNF:4
FNH:4
FNDA:6,(anonymous_6)
FNDA:12,(anonymous_7)
FNDA:3,(anonymous_8)
FNDA:3,(anonymous_9)
DA:1,3
DA:2,3
DA:3,3
DA:4,3
DA:6,3
DA:7,3
DA:9,3
DA:11,3
DA:12,6
DA:13,12
DA:15,6
DA:16,3
DA:19,6
DA:20,3
DA:27,6
LF:15
LH:15
BRDA:19,0,0,3
BRDA:19,0,1,3
BRF:2
BRH:2
end_of_record
TN:
SF:src/client/pages/Contacts.tsx
FN:7,(anonymous_1)
FNF:1
FNH:0
FNDA:0,(anonymous_1)
DA:1,3
DA:2,3
DA:3,3
DA:5,3
DA:7,3
DA:8,0
LF:6
LH:5
BRF:0
BRH:0
end_of_record
TN:
SF:src/client/pages/Delivery.tsx
FN:9,(anonymous_1)
FNF:1
FNH:0
FNDA:0,(anonymous_1)
DA:1,3
DA:2,3
DA:3,3
DA:5,3
DA:7,3
DA:9,3
DA:10,0
LF:7
LH:6
BRF:0
BRH:0
end_of_record
TN:
SF:src/client/pages/Home.tsx
FN:7,(anonymous_1)
FNF:1
FNH:1
FNDA:5,(anonymous_1)
DA:1,3
DA:2,3
DA:3,3
DA:5,3
DA:7,3
DA:8,5
LF:6
LH:6
BRF:0
BRH:0
end_of_record
TN:
SF:src/client/pages/Product.tsx
FN:16,(anonymous_6)
FN:21,(anonymous_7)
FN:25,(anonymous_8)
FNF:3
FNH:3
FNDA:5,(anonymous_6)
FNDA:2,(anonymous_7)
FNDA:9,(anonymous_8)
DA:1,3
DA:2,3
DA:3,3
DA:4,3
DA:5,3
DA:7,3
DA:8,3
DA:14,3
DA:16,3
DA:17,5
DA:18,5
DA:19,5
DA:21,5
DA:22,2
DA:25,9
DA:27,5
DA:31,5
LF:17
LH:17
BRDA:27,0,0,3
BRDA:27,0,1,2
BRDA:31,1,0,2
BRDA:31,1,1,3
BRDA:31,2,0,5
BRDA:31,2,1,5
BRF:6
BRH:6
end_of_record
